<testsuites id="" name="" tests="36" failures="0" skipped="0" errors="0" time="19.988347">
<testsuite name="clinic-charges.spec.ts" timestamp="2026-05-28T01:53:40.659Z" hostname="chromium" tests="6" failures="0" skipped="0" time="11.652" errors="0">
<testcase name="Clinic Charges Dashboard › should load dashboard and display grid" classname="clinic-charges.spec.ts" time="2.671">
</testcase>
<testcase name="Clinic Charges Dashboard › should display 20 rows by default" classname="clinic-charges.spec.ts" time="2.668">
</testcase>
<testcase name="Clinic Charges Dashboard › should paginate through results" classname="clinic-charges.spec.ts" time="2.134">
</testcase>
<testcase name="Clinic Charges Dashboard › should filter by charge type" classname="clinic-charges.spec.ts" time="2.57">
</testcase>
<testcase name="Clinic Charges Dashboard › should clear filters and show all results" classname="clinic-charges.spec.ts" time="1.183">
</testcase>
<testcase name="Clinic Charges Dashboard › should show Add New Charge button" classname="clinic-charges.spec.ts" time="0.426">
</testcase>
</testsuite>
<testsuite name="create-charge.spec.ts" timestamp="2026-05-28T01:53:40.659Z" hostname="chromium" tests="4" failures="0" skipped="0" time="4.007" errors="0">
<testcase name="Create Charge › should open create form modal" classname="create-charge.spec.ts" time="0.832">
</testcase>
<testcase name="Create Charge › should close form on Cancel" classname="create-charge.spec.ts" time="0.995">
</testcase>
<testcase name="Create Charge › should validate required fields" classname="create-charge.spec.ts" time="0.863">
</testcase>
<testcase name="Create Charge › should create a charge and refresh grid" classname="create-charge.spec.ts" time="1.317">
</testcase>
</testsuite>
<testsuite name="editing.spec.ts" timestamp="2026-05-28T01:53:40.659Z" hostname="chromium" tests="2" failures="0" skipped="0" time="3.236" errors="0">
<testcase name="Inline Cell Editing › should edit a cell and save changes" classname="editing.spec.ts" time="1.651">
</testcase>
<testcase name="Inline Cell Editing › should edit charge type field" classname="editing.spec.ts" time="1.585">
</testcase>
</testsuite>
<testsuite name="clinic-charges.spec.ts" timestamp="2026-05-28T01:53:40.659Z" hostname="firefox" tests="6" failures="0" skipped="0" time="12.483" errors="0">
<testcase name="Clinic Charges Dashboard › should load dashboard and display grid" classname="clinic-charges.spec.ts" time="2.127">
</testcase>
<testcase name="Clinic Charges Dashboard › should display 20 rows by default" classname="clinic-charges.spec.ts" time="2.389">
</testcase>
<testcase name="Clinic Charges Dashboard › should paginate through results" classname="clinic-charges.spec.ts" time="2.779">
</testcase>
<testcase name="Clinic Charges Dashboard › should filter by charge type" classname="clinic-charges.spec.ts" time="2.751">
</testcase>
<testcase name="Clinic Charges Dashboard › should clear filters and show all results" classname="clinic-charges.spec.ts" time="1.797">
</testcase>
<testcase name="Clinic Charges Dashboard › should show Add New Charge button" classname="clinic-charges.spec.ts" time="0.64">
</testcase>
</testsuite>
<testsuite name="create-charge.spec.ts" timestamp="2026-05-28T01:53:40.659Z" hostname="firefox" tests="4" failures="0" skipped="0" time="4.666" errors="0">
<testcase name="Create Charge › should open create form modal" classname="create-charge.spec.ts" time="0.846">
</testcase>
<testcase name="Create Charge › should close form on Cancel" classname="create-charge.spec.ts" time="1.024">
</testcase>
<testcase name="Create Charge › should validate required fields" classname="create-charge.spec.ts" time="0.918">
</testcase>
<testcase name="Create Charge › should create a charge and refresh grid" classname="create-charge.spec.ts" time="1.878">
</testcase>
</testsuite>
<testsuite name="editing.spec.ts" timestamp="2026-05-28T01:53:40.659Z" hostname="firefox" tests="2" failures="0" skipped="0" time="4.576" errors="0">
<testcase name="Inline Cell Editing › should edit a cell and save changes" classname="editing.spec.ts" time="2.444">
</testcase>
<testcase name="Inline Cell Editing › should edit charge type field" classname="editing.spec.ts" time="2.132">
</testcase>
</testsuite>
<testsuite name="clinic-charges.spec.ts" timestamp="2026-05-28T01:53:40.659Z" hostname="webkit" tests="6" failures="0" skipped="0" time="14.896" errors="0">
<testcase name="Clinic Charges Dashboard › should load dashboard and display grid" classname="clinic-charges.spec.ts" time="4.276">
</testcase>
<testcase name="Clinic Charges Dashboard › should display 20 rows by default" classname="clinic-charges.spec.ts" time="2.945">
</testcase>
<testcase name="Clinic Charges Dashboard › should paginate through results" classname="clinic-charges.spec.ts" time="2.467">
</testcase>
<testcase name="Clinic Charges Dashboard › should filter by charge type" classname="clinic-charges.spec.ts" time="2.306">
</testcase>
<testcase name="Clinic Charges Dashboard › should clear filters and show all results" classname="clinic-charges.spec.ts" time="1.784">
</testcase>
<testcase name="Clinic Charges Dashboard › should show Add New Charge button" classname="clinic-charges.spec.ts" time="1.118">
</testcase>
</testsuite>
<testsuite name="create-charge.spec.ts" timestamp="2026-05-28T01:53:40.659Z" hostname="webkit" tests="4" failures="0" skipped="0" time="4.256" errors="0">
<testcase name="Create Charge › should open create form modal" classname="create-charge.spec.ts" time="0.997">
</testcase>
<testcase name="Create Charge › should close form on Cancel" classname="create-charge.spec.ts" time="1.12">
</testcase>
<testcase name="Create Charge › should validate required fields" classname="create-charge.spec.ts" time="0.767">
</testcase>
<testcase name="Create Charge › should create a charge and refresh grid" classname="create-charge.spec.ts" time="1.372">
</testcase>
</testsuite>
<testsuite name="editing.spec.ts" timestamp="2026-05-28T01:53:40.659Z" hostname="webkit" tests="2" failures="0" skipped="0" time="3.461" errors="0">
<testcase name="Inline Cell Editing › should edit a cell and save changes" classname="editing.spec.ts" time="1.849">
</testcase>
<testcase name="Inline Cell Editing › should edit charge type field" classname="editing.spec.ts" time="1.612">
</testcase>
</testsuite>
</testsuites>